<?xml version="1.0" encoding="UTF-8"?>
<testng-results ignored="0" total="1" passed="1" failed="0" skipped="0">
  <reporter-output>
  </reporter-output>
  <suite started-at="2021-05-02T16:50:39 IST" name="Default suite" finished-at="2021-05-02T16:50:41 IST" duration-ms="2215">
    <groups>
    </groups>
    <test started-at="2021-05-02T16:50:39 IST" name="Default test" finished-at="2021-05-02T16:50:41 IST" duration-ms="2215">
      <class name="com.org.tests.Covid19Api">
        <test-method is-config="true" signature="setUp()[pri:0, instance:com.org.tests.Covid19Api@2a32de6c]" started-at="2021-05-02T16:50:39 IST" name="setUp" finished-at="2021-05-02T16:50:39 IST" duration-ms="10" status="PASS">
          <reporter-output>
          </reporter-output>
        </test-method> <!-- setUp -->
        <test-method signature="getAPITest()[pri:0, instance:com.org.tests.Covid19Api@2a32de6c]" started-at="2021-05-02T16:50:39 IST" name="getAPITest" finished-at="2021-05-02T16:50:41 IST" duration-ms="2128" status="PASS">
          <reporter-output>
          </reporter-output>
        </test-method> <!-- getAPITest -->
      </class> <!-- com.org.tests.Covid19Api -->
    </test> <!-- Default test -->
  </suite> <!-- Default suite -->
</testng-results>
