<?xml version="1.0" encoding="UTF-8"?>
<!-- Generated by org.testng.reporters.JUnitXMLReporter -->
<testsuite ignored="0" hostname="LAPTOP-7HNB2UR4" failures="0" tests="3" name="Default test" time="42.512" errors="0" timestamp="2020-08-03T19:19:20 IST">
  <testcase classname="inheritTestNG.Base_Class" name="gmailLink" time="5.164"/>
  <testcase classname="inheritTestNG.Base_Class" name="googleLogo" time="3.163"/>
  <testcase classname="inheritTestNG.Base_Class" name="imagesLink" time="1.558"/>
</testsuite> <!-- Default test -->
