<?xml version="1.0" encoding="UTF-8"?>
<testng-results ignored="0" total="3" passed="3" failed="0" skipped="0">
  <reporter-output>
  </reporter-output>
  <suite started-at="2020-08-03T19:18:37 IST" name="Default suite" finished-at="2020-08-03T19:19:20 IST" duration-ms="42512">
    <groups>
    </groups>
    <test started-at="2020-08-03T19:18:37 IST" name="Default test" finished-at="2020-08-03T19:19:20 IST" duration-ms="42512">
      <class name="inheritTestNG.Base_Class">
        <test-method is-config="true" signature="document()[pri:0, instance:inheritTestNG.Base_Class@6b81ce95]" started-at="2020-08-03T19:18:37 IST" name="document" finished-at="2020-08-03T19:18:37 IST" duration-ms="7" status="PASS">
          <reporter-output>
          </reporter-output>
        </test-method> <!-- document -->
        <test-method is-config="true" signature="browser()[pri:0, instance:inheritTestNG.Base_Class@6b81ce95]" started-at="2020-08-03T19:18:37 IST" name="browser" finished-at="2020-08-03T19:18:37 IST" duration-ms="1" status="PASS">
          <reporter-output>
          </reporter-output>
        </test-method> <!-- browser -->
        <test-method is-config="true" signature="openBrowser()[pri:0, instance:inheritTestNG.Base_Class@6b81ce95]" started-at="2020-08-03T19:18:37 IST" name="openBrowser" finished-at="2020-08-03T19:18:45 IST" duration-ms="8012" status="PASS">
          <reporter-output>
          </reporter-output>
        </test-method> <!-- openBrowser -->
        <test-method signature="gmailLink()[pri:0, instance:inheritTestNG.Base_Class@6b81ce95]" started-at="2020-08-03T19:18:45 IST" name="gmailLink" description="verifying gmail link" finished-at="2020-08-03T19:18:51 IST" duration-ms="5164" status="PASS">
          <reporter-output>
          </reporter-output>
        </test-method> <!-- gmailLink -->
        <test-method is-config="true" signature="close()[pri:0, instance:inheritTestNG.Base_Class@6b81ce95]" started-at="2020-08-03T19:18:51 IST" name="close" finished-at="2020-08-03T19:18:51 IST" duration-ms="94" status="PASS">
          <reporter-output>
          </reporter-output>
        </test-method> <!-- close -->
        <test-method is-config="true" signature="openBrowser()[pri:0, instance:inheritTestNG.Base_Class@6b81ce95]" started-at="2020-08-03T19:18:51 IST" name="openBrowser" finished-at="2020-08-03T19:18:58 IST" duration-ms="7626" status="PASS">
          <reporter-output>
          </reporter-output>
        </test-method> <!-- openBrowser -->
        <test-method signature="googleLogo()[pri:0, instance:inheritTestNG.Base_Class@6b81ce95]" started-at="2020-08-03T19:18:58 IST" name="googleLogo" description="verifying google logo" finished-at="2020-08-03T19:19:01 IST" duration-ms="3163" status="PASS">
          <reporter-output>
          </reporter-output>
        </test-method> <!-- googleLogo -->
        <test-method is-config="true" signature="close()[pri:0, instance:inheritTestNG.Base_Class@6b81ce95]" started-at="2020-08-03T19:19:01 IST" name="close" finished-at="2020-08-03T19:19:06 IST" duration-ms="4321" status="PASS">
          <reporter-output>
          </reporter-output>
        </test-method> <!-- close -->
        <test-method is-config="true" signature="openBrowser()[pri:0, instance:inheritTestNG.Base_Class@6b81ce95]" started-at="2020-08-03T19:19:06 IST" name="openBrowser" finished-at="2020-08-03T19:19:14 IST" duration-ms="8406" status="PASS">
          <reporter-output>
          </reporter-output>
        </test-method> <!-- openBrowser -->
        <test-method signature="imagesLink()[pri:0, instance:inheritTestNG.Base_Class@6b81ce95]" started-at="2020-08-03T19:19:14 IST" name="imagesLink" description="verifying Images link" finished-at="2020-08-03T19:19:16 IST" duration-ms="1558" status="PASS">
          <reporter-output>
          </reporter-output>
        </test-method> <!-- imagesLink -->
        <test-method is-config="true" signature="close()[pri:0, instance:inheritTestNG.Base_Class@6b81ce95]" started-at="2020-08-03T19:19:16 IST" name="close" finished-at="2020-08-03T19:19:20 IST" duration-ms="4131" status="PASS">
          <reporter-output>
          </reporter-output>
        </test-method> <!-- close -->
        <test-method is-config="true" signature="report()[pri:0, instance:inheritTestNG.Base_Class@6b81ce95]" started-at="2020-08-03T19:19:20 IST" name="report" finished-at="2020-08-03T19:19:20 IST" duration-ms="0" status="PASS">
          <reporter-output>
          </reporter-output>
        </test-method> <!-- report -->
      </class> <!-- inheritTestNG.Base_Class -->
    </test> <!-- Default test -->
  </suite> <!-- Default suite -->
</testng-results>
