<?xml version="1.0" encoding="UTF-8"?>
<!-- Generated by org.testng.reporters.JUnitXMLReporter -->
<testsuite ignored="0" hostname="LAPTOP-7HNB2UR4" failures="0" tests="4" name="Test" time="4.835" errors="0" timestamp="2020-11-06T17:18:45 IST">
  <testcase classname="com.org.tests.Getapitest" name="getAPITest" time="1.52"/>
  <testcase classname="com.org.tests.Deleteapitest" name="getAPITest" time="1.673"/>
  <testcase classname="com.org.tests.Putapitest" name="getAPITest" time="0.88"/>
  <testcase classname="com.org.tests.Postapitest" name="getAPITest" time="0.713"/>
</testsuite> <!-- Test -->
