<?xml version="1.0" encoding="UTF-8"?>
<!-- Generated by org.testng.reporters.JUnitXMLReporter -->
<testsuite ignored="3" hostname="LAPTOP-7HNB2UR4" failures="0" tests="2" name="Test" time="0.046" errors="0" timestamp="2020-06-28T12:13:43 IST">
  <testcase classname="group_execution.Demo" name="method1" time="0.008"/>
  <testcase classname="group_execution.Demo" name="method2" time="0.002"/>
  <testcase classname="group_execution.Demo" name="method3" time="0.0">
    <ignored/>
  </testcase> <!-- method3 -->
  <testcase classname="group_execution.Demo" name="method5" time="0.0">
    <ignored/>
  </testcase> <!-- method5 -->
  <testcase classname="group_execution.Demo" name="method4" time="0.0">
    <ignored/>
  </testcase> <!-- method4 -->
</testsuite> <!-- Test -->
